<?xml version="1.0" encoding="UTF-8"?>
<testng-results ignored="0" total="2" passed="2" failed="0" skipped="0">
  <reporter-output>
  </reporter-output>
  <suite started-at="2020-11-03T16:39:13 IST" name="Default suite" finished-at="2020-11-03T16:39:13 IST" duration-ms="451">
    <groups>
    </groups>
    <test started-at="2020-11-03T16:39:13 IST" name="Default test" finished-at="2020-11-03T16:39:13 IST" duration-ms="451">
      <class name="com.test.excel.ExcelMain">
        <test-method signature="test1(java.lang.String, java.lang.String)[pri:0, instance:com.test.excel.ExcelMain@79ca92b9]" started-at="2020-11-03T16:39:13 IST" name="test1" data-provider="Test1Data" finished-at="2020-11-03T16:39:13 IST" duration-ms="7" status="PASS">
          <params>
            <param index="0">
              <value>
                <![CDATA[Abishek]]>
              </value>
            </param>
            <param index="1">
              <value>
                <![CDATA[Admin@123]]>
              </value>
            </param>
          </params>
          <reporter-output>
          </reporter-output>
        </test-method> <!-- test1 -->
        <test-method signature="test1(java.lang.String, java.lang.String)[pri:0, instance:com.test.excel.ExcelMain@79ca92b9]" started-at="2020-11-03T16:39:13 IST" name="test1" data-provider="Test1Data" finished-at="2020-11-03T16:39:13 IST" duration-ms="5" status="PASS">
          <params>
            <param index="0">
              <value>
                <![CDATA[Vishal]]>
              </value>
            </param>
            <param index="1">
              <value>
                <![CDATA[a12]]>
              </value>
            </param>
          </params>
          <reporter-output>
          </reporter-output>
        </test-method> <!-- test1 -->
      </class> <!-- com.test.excel.ExcelMain -->
    </test> <!-- Default test -->
  </suite> <!-- Default suite -->
</testng-results>
