<?xml version="1.0" encoding="UTF-8"?>
<testng-results ignored="0" total="2" passed="2" failed="0" skipped="0">
  <reporter-output>
  </reporter-output>
  <suite started-at="2020-11-09T16:35:48 IST" name="Default suite" finished-at="2020-11-09T16:36:06 IST" duration-ms="18216">
    <groups>
    </groups>
    <test started-at="2020-11-09T16:35:48 IST" name="Default test" finished-at="2020-11-09T16:36:06 IST" duration-ms="18216">
      <class name="com.test.excel.ExcelMain">
        <test-method is-config="true" signature="setup()[pri:0, instance:com.test.excel.ExcelMain@79ad8b2f]" started-at="2020-11-09T16:35:48 IST" name="setup" finished-at="2020-11-09T16:35:49 IST" duration-ms="1124" status="PASS">
          <reporter-output>
          </reporter-output>
        </test-method> <!-- setup -->
        <test-method signature="test1(java.lang.String, java.lang.String)[pri:0, instance:com.test.excel.ExcelMain@79ad8b2f]" started-at="2020-11-09T16:35:50 IST" name="test1" data-provider="Test1Data" finished-at="2020-11-09T16:35:58 IST" duration-ms="8432" status="PASS">
          <params>
            <param index="0">
              <value>
                <![CDATA[Abhishek]]>
              </value>
            </param>
            <param index="1">
              <value>
                <![CDATA[Admin@123]]>
              </value>
            </param>
          </params>
          <reporter-output>
          </reporter-output>
        </test-method> <!-- test1 -->
        <test-method signature="test1(java.lang.String, java.lang.String)[pri:0, instance:com.test.excel.ExcelMain@79ad8b2f]" started-at="2020-11-09T16:35:58 IST" name="test1" data-provider="Test1Data" finished-at="2020-11-09T16:36:06 IST" duration-ms="8032" status="PASS">
          <params>
            <param index="0">
              <value>
                <![CDATA[Abhishek]]>
              </value>
            </param>
            <param index="1">
              <value>
                <![CDATA[Admin@123]]>
              </value>
            </param>
          </params>
          <reporter-output>
          </reporter-output>
        </test-method> <!-- test1 -->
      </class> <!-- com.test.excel.ExcelMain -->
    </test> <!-- Default test -->
  </suite> <!-- Default suite -->
</testng-results>
